<?xml version="1.0" encoding="UTF-8"?>
<testng-results skipped="0" failed="0" total="1" passed="1">
  <reporter-output>
  </reporter-output>
  <suite name="Default suite" duration-ms="20" started-at="2018-01-04T09:43:02Z" finished-at="2018-01-04T09:43:02Z">
    <groups>
    </groups>
    <test name="Default test" duration-ms="20" started-at="2018-01-04T09:43:02Z" finished-at="2018-01-04T09:43:02Z">
      <class name="com.MavenSelenium.tests.SeleniumTestScript">
        <test-method status="PASS" signature="testMethod1()[pri:0, instance:com.MavenSelenium.tests.SeleniumTestScript@17c68925]" name="testMethod1" duration-ms="8" started-at="2018-01-04T15:13:02Z" finished-at="2018-01-04T15:13:02Z">
          <reporter-output>
          </reporter-output>
        </test-method> <!-- testMethod1 -->
      </class> <!-- com.MavenSelenium.tests.SeleniumTestScript -->
    </test> <!-- Default test -->
  </suite> <!-- Default suite -->
</testng-results>
