<?xml version="1.0" encoding="UTF-8"?>
<testng-results skipped="0" failed="0" total="1" passed="1">
  <reporter-output>
  </reporter-output>
  <suite name="Default suite" duration-ms="23" started-at="2018-01-04T08:28:20Z" finished-at="2018-01-04T08:28:20Z">
    <groups>
    </groups>
    <test name="Default test" duration-ms="23" started-at="2018-01-04T08:28:20Z" finished-at="2018-01-04T08:28:20Z">
      <class name="com.MavenSelenium.tests.SeleniumTestScript">
        <test-method status="PASS" signature="testMethod1()[pri:0, instance:com.MavenSelenium.tests.SeleniumTestScript@17c68925]" name="testMethod1" duration-ms="16" started-at="2018-01-04T13:58:20Z" finished-at="2018-01-04T13:58:20Z">
          <reporter-output>
          </reporter-output>
        </test-method> <!-- testMethod1 -->
      </class> <!-- com.MavenSelenium.tests.SeleniumTestScript -->
    </test> <!-- Default test -->
  </suite> <!-- Default suite -->
</testng-results>
