<?xml version="1.0" encoding="UTF-8"?>
<testng-results skipped="0" failed="0" total="1" passed="1">
  <reporter-output>
  </reporter-output>
  <suite name="Default suite" duration-ms="10620" started-at="2018-01-04T08:16:24Z" finished-at="2018-01-04T08:16:35Z">
    <groups>
    </groups>
    <test name="Default test" duration-ms="10620" started-at="2018-01-04T08:16:24Z" finished-at="2018-01-04T08:16:35Z">
      <class name="com.MavenSelenium.tests.SeleniumTestScript">
        <test-method status="PASS" signature="method1()[pri:0, instance:com.MavenSelenium.tests.SeleniumTestScript@46d56d67]" name="method1" duration-ms="10608" started-at="2018-01-04T13:46:24Z" finished-at="2018-01-04T13:46:35Z">
          <reporter-output>
          </reporter-output>
        </test-method> <!-- method1 -->
      </class> <!-- com.MavenSelenium.tests.SeleniumTestScript -->
    </test> <!-- Default test -->
  </suite> <!-- Default suite -->
</testng-results>
